Base path: D:/Unity4.7/Unity/Editor/Data
Pipe name: \\.\pipe\UnityShaderCompiler-1-8468
Cmd: getPlatforms
Cmd: preprocess
  insize=2317 outsize=849 ok=1
Cmd: compileSnippet
  api=4 type=0 insize=1770 outsize=1697 kw= ok=1
Cmd: compileSnippet
  api=4 type=1 insize=1770 outsize=1290 kw= ok=1
Cmd: preprocess
  insize=1571 outsize=492 ok=1
Cmd: compileSnippet
  api=4 type=0 insize=1381 outsize=1388 kw= ok=1
Cmd: compileSnippet
  api=4 type=1 insize=1381 outsize=1737 kw= ok=1
Cmd: preprocess
  insize=1951 outsize=516 ok=1
Cmd: compileSnippet
  api=4 type=0 insize=1737 outsize=1388 kw=GRAY_OFF ok=1
Cmd: compileSnippet
  api=4 type=1 insize=1737 outsize=1526 kw=GRAY_OFF ok=1
Cmd: preprocess
  insize=2330 outsize=479 ok=1
Cmd: compileSnippet
  api=4 type=0 insize=2154 outsize=2078 kw= ok=1
Cmd: compileSnippet
  api=4 type=1 insize=2154 outsize=1632 kw= ok=1
Cmd: preprocess
  insize=2890 outsize=913 ok=1
Cmd: compileSnippet
  api=4 type=0 insize=2281 outsize=2078 kw= ok=1
Cmd: compileSnippet
  api=4 type=1 insize=2281 outsize=1883 kw= ok=1
Cmd: preprocess
  insize=2140 outsize=1083 ok=1
Cmd: compileSnippet
  api=4 type=0 insize=1307 outsize=1437 kw= ok=1
Cmd: compileSnippet
  api=4 type=1 insize=1307 outsize=1347 kw= ok=1
Cmd: preprocess
  insize=1964 outsize=478 ok=1
Cmd: compileSnippet
  api=4 type=0 insize=1788 outsize=1697 kw= ok=1
Cmd: compileSnippet
  api=4 type=1 insize=1788 outsize=1290 kw= ok=1
Cmd: preprocess
  insize=1731 outsize=518 ok=1
Cmd: compileSnippet
  api=4 type=0 insize=1515 outsize=1388 kw=GRAY_OFF ok=1
Cmd: compileSnippet
  api=4 type=1 insize=1515 outsize=1518 kw=GRAY_OFF ok=1
Cmd: preprocess
  insize=2347 outsize=525 ok=1
Cmd: compileSnippet
  api=4 type=0 insize=2126 outsize=1697 kw=GRAY_OFF ok=1
Cmd: compileSnippet
  api=4 type=1 insize=2126 outsize=1770 kw=GRAY_OFF ok=1
Cmd: preprocess
  insize=1792 outsize=523 ok=1
Cmd: compileSnippet
  api=4 type=0 insize=1571 outsize=1388 kw=GRAY_OFF ok=1
Cmd: compileSnippet
  api=4 type=1 insize=1571 outsize=1648 kw=GRAY_OFF ok=1
Cmd: preprocess
  insize=2722 outsize=525 ok=1
Cmd: compileSnippet
  api=4 type=0 insize=2498 outsize=2078 kw=GRAY_OFF ok=1
Cmd: compileSnippet
  api=4 type=1 insize=2498 outsize=2111 kw=GRAY_OFF ok=1
Cmd: preprocess
  insize=2286 outsize=520 ok=1
Cmd: compileSnippet
  api=4 type=0 insize=2070 outsize=1697 kw=GRAY_OFF ok=1
Cmd: compileSnippet
  api=4 type=1 insize=2070 outsize=1640 kw=GRAY_OFF ok=1
Cmd: preprocess
  insize=1455 outsize=514 ok=1
Cmd: compileSnippet
  api=4 type=0 insize=1243 outsize=1193 kw=GRAY_OFF ok=1
Cmd: compileSnippet
  api=4 type=1 insize=1243 outsize=1274 kw=GRAY_OFF ok=1
Cmd: preprocess
  insize=2820 outsize=513 ok=1
Cmd: compileSnippet
  api=4 type=0 insize=2608 outsize=2078 kw=GRAY_OFF ok=1
Cmd: compileSnippet
  api=4 type=1 insize=2608 outsize=1859 kw=GRAY_OFF ok=1
Cmd: preprocess
  insize=2810 outsize=895 ok=1
Cmd: compileSnippet
  api=4 type=0 insize=2219 outsize=2078 kw= ok=1
Cmd: compileSnippet
  api=4 type=1 insize=2219 outsize=1591 kw= ok=1
Cmd: preprocess
  insize=1751 outsize=942 ok=1
Cmd: compileSnippet
  api=4 type=0 insize=1070 outsize=1347 kw= ok=1
Cmd: compileSnippet
  api=4 type=1 insize=1070 outsize=973 kw= ok=1
Cmd: preprocess
  insize=2443 outsize=893 ok=1
Cmd: compileSnippet
  api=4 type=0 insize=1852 outsize=1697 kw= ok=1
Cmd: compileSnippet
  api=4 type=1 insize=1852 outsize=1250 kw= ok=1
Cmd: preprocess
  insize=2881 outsize=518 ok=1
Cmd: compileSnippet
  api=4 type=0 insize=2664 outsize=2078 kw=GRAY_OFF ok=1
Cmd: compileSnippet
  api=4 type=1 insize=2664 outsize=1989 kw=GRAY_OFF ok=1
Cmd: preprocess
  insize=2132 outsize=916 ok=1
Cmd: compileSnippet
  api=4 type=0 insize=1467 outsize=1437 kw= ok=1
Cmd: compileSnippet
  api=4 type=1 insize=1467 outsize=1209 kw= ok=1
Cmd: preprocess
  insize=1452 outsize=830 ok=1
Cmd: compileSnippet
  api=4 type=0 insize=924 outsize=1193 kw= ok=1
Cmd: compileSnippet
  api=4 type=1 insize=924 outsize=795 kw= ok=1
Cmd: preprocess
  insize=2684 outsize=850 ok=1
Cmd: compileSnippet
  api=4 type=0 insize=2137 outsize=2078 kw= ok=1
Cmd: compileSnippet
  api=4 type=1 insize=2137 outsize=1632 kw= ok=1
Cmd: preprocess
  insize=1557 outsize=502 ok=1
Cmd: compileSnippet
  api=4 type=0 insize=1357 outsize=1193 kw=GRAY_OFF ok=1
Cmd: compileSnippet
  api=4 type=1 insize=1357 outsize=1022 kw=GRAY_OFF ok=1
Cmd: preprocess
  insize=1773 outsize=990 ok=1
Cmd: compileSnippet
  api=4 type=0 insize=1045 outsize=1290 kw= ok=1
Cmd: compileSnippet
  api=4 type=1 insize=1045 outsize=917 kw= ok=1
Cmd: preprocess
  insize=2445 outsize=513 ok=1
Cmd: compileSnippet
  api=4 type=0 insize=2236 outsize=1697 kw=GRAY_OFF ok=1
Cmd: compileSnippet
  api=4 type=1 insize=2236 outsize=1518 kw=GRAY_OFF ok=1
Cmd: preprocess
  insize=2661 outsize=519 ok=1
Cmd: compileSnippet
  api=4 type=0 insize=2442 outsize=2078 kw=GRAY_OFF ok=1
Cmd: compileSnippet
  api=4 type=1 insize=2442 outsize=1981 kw=GRAY_OFF ok=1
Cmd: preprocess
  insize=1920 outsize=893 ok=1
Cmd: compileSnippet
  api=4 type=0 insize=1329 outsize=1388 kw= ok=1
Cmd: compileSnippet
  api=4 type=1 insize=1329 outsize=1128 kw= ok=1
Cmd: preprocess
  insize=2506 outsize=518 ok=1
Cmd: compileSnippet
  api=4 type=0 insize=2292 outsize=1697 kw=GRAY_OFF ok=1
Cmd: compileSnippet
  api=4 type=1 insize=2292 outsize=1648 kw=GRAY_OFF ok=1
Cmd: preprocess
  insize=2523 outsize=911 ok=1
Cmd: compileSnippet
  api=4 type=0 insize=1914 outsize=1697 kw= ok=1
Cmd: compileSnippet
  api=4 type=1 insize=1914 outsize=1542 kw= ok=1
Cmd: preprocess
  insize=1605 outsize=507 ok=1
Cmd: compileSnippet
  api=4 type=0 insize=1400 outsize=1193 kw=GRAY_OFF ok=1
Cmd: compileSnippet
  api=4 type=1 insize=1400 outsize=1152 kw=GRAY_OFF ok=1
Cmd: preprocess
  insize=1428 outsize=478 ok=1
Cmd: compileSnippet
  api=4 type=0 insize=1252 outsize=1388 kw= ok=1
Cmd: compileSnippet
  api=4 type=1 insize=1252 outsize=1168 kw= ok=1
Cmd: preprocess
  insize=1990 outsize=910 ok=1
Cmd: compileSnippet
  api=4 type=0 insize=1381 outsize=1388 kw= ok=1
Cmd: compileSnippet
  api=4 type=1 insize=1381 outsize=1420 kw= ok=1
Cmd: preprocess
  insize=1601 outsize=847 ok=1
Cmd: compileSnippet
  api=4 type=0 insize=1056 outsize=1274 kw= ok=1
Cmd: compileSnippet
  api=4 type=1 insize=1056 outsize=917 kw= ok=1
Cmd: preprocess
  insize=1890 outsize=511 ok=1
Cmd: compileSnippet
  api=4 type=0 insize=1681 outsize=1388 kw=GRAY_OFF ok=1
Cmd: compileSnippet
  api=4 type=1 insize=1681 outsize=1396 kw=GRAY_OFF ok=1
Cmd: preprocess
  insize=2684 outsize=917 ok=1
Cmd: compileSnippet
  api=4 type=0 insize=2003 outsize=1745 kw= ok=1
Cmd: compileSnippet
  api=4 type=1 insize=2003 outsize=1331 kw= ok=1
Cmd: preprocess
  insize=1398 outsize=508 ok=1
Cmd: compileSnippet
  api=4 type=0 insize=1191 outsize=1193 kw=GRAY_OFF ok=1
Cmd: compileSnippet
  api=4 type=1 insize=1191 outsize=1144 kw=GRAY_OFF ok=1
Cmd: preprocess
  insize=1784 outsize=849 ok=1
Cmd: compileSnippet
  api=4 type=0 insize=1237 outsize=1388 kw= ok=1
Cmd: compileSnippet
  api=4 type=1 insize=1237 outsize=1168 kw= ok=1
Cmd: preprocess
  insize=2474 outsize=494 ok=1
Cmd: compileSnippet
  api=4 type=0 insize=2284 outsize=2078 kw= ok=1
Cmd: compileSnippet
  api=4 type=1 insize=2284 outsize=2257 kw= ok=1
Cmd: preprocess
  insize=3056 outsize=917 ok=1
Cmd: compileSnippet
  api=4 type=0 insize=2367 outsize=2127 kw= ok=1
Cmd: compileSnippet
  api=4 type=1 insize=2367 outsize=1672 kw= ok=1
Cmd: preprocess
  insize=1436 outsize=840 ok=1
Cmd: compileSnippet
  api=4 type=0 insize=898 outsize=1193 kw= ok=1
Cmd: compileSnippet
  api=4 type=1 insize=898 outsize=754 kw= ok=1
Cmd: preprocess
  insize=1464 outsize=884 ok=1
Cmd: compileSnippet
  api=4 type=0 insize=882 outsize=1193 kw= ok=1
Cmd: compileSnippet
  api=4 type=1 insize=882 outsize=754 kw= ok=1
Cmd: preprocess
  insize=1622 outsize=902 ok=1
Cmd: compileSnippet
  api=4 type=0 insize=1022 outsize=1193 kw= ok=1
Cmd: compileSnippet
  api=4 type=1 insize=1022 outsize=1038 kw= ok=1
Cmd: preprocess
  insize=1232 outsize=483 ok=1
Cmd: compileSnippet
  api=4 type=0 insize=1051 outsize=1193 kw= ok=1
Cmd: compileSnippet
  api=4 type=1 insize=1051 outsize=1363 kw= ok=1
Cmd: preprocess
  insize=2107 outsize=493 ok=1
Cmd: compileSnippet
  api=4 type=0 insize=1917 outsize=1697 kw= ok=1
Cmd: compileSnippet
  api=4 type=1 insize=1917 outsize=1916 kw= ok=1
